<?xml version="1.0" encoding="UTF-8"?>
<!-- Generated by org.testng.reporters.JUnitReportReporter -->
<testsuite hostname="DESKTOP-UA1ROHE" failures="5" tests="10" name="user" time="10.790" errors="0" timestamp="2023-04-16T04:45:28 WIB" skipped="0">
  <testcase classname="user" name="SortUserNegative" time="0.909">
    <failure message="1 expectation failed.
Response body doesn&#039;t match expectation.
Expected: an empty array
  Actual: [{&quot;address&quot;:{&quot;geolocation&quot;:{&quot;lat&quot;:&quot;-37.3159&quot;,&quot;long&quot;:&quot;81.1496&quot;},&quot;city&quot;:&quot;kilcoole&quot;,&quot;street&quot;:&quot;new road&quot;,&quot;number&quot;:7682,&quot;zipcode&quot;:&quot;12926-3874&quot;},&quot;id&quot;:1,&quot;email&quot;:&quot;john@gmail.com&quot;,&quot;username&quot;:&quot;johnd&quot;,&quot;password&quot;:&quot;m38rmF$&quot;,&quot;name&quot;:{&quot;firstname&quot;:&quot;john&quot;,&quot;lastname&quot;:&quot;doe&quot;},&quot;phone&quot;:&quot;1-570-236-7033&quot;,&quot;__v&quot;:0},{&quot;address&quot;:{&quot;geolocation&quot;:{&quot;lat&quot;:&quot;-37.3159&quot;,&quot;long&quot;:&quot;81.1496&quot;},&quot;city&quot;:&quot;kilcoole&quot;,&quot;street&quot;:&quot;Lovers Ln&quot;,&quot;number&quot;:7267,&quot;zipcode&quot;:&quot;12926-3874&quot;},&quot;id&quot;:2,&quot;email&quot;:&quot;morrison@gmail.com&quot;,&quot;username&quot;:&quot;mor_2314&quot;,&quot;password&quot;:&quot;83r5^_&quot;,&quot;name&quot;:{&quot;firstname&quot;:&quot;david&quot;,&quot;lastname&quot;:&quot;morrison&quot;},&quot;phone&quot;:&quot;1-570-236-7033&quot;,&quot;__v&quot;:0},{&quot;address&quot;:{&quot;geolocation&quot;:{&quot;lat&quot;:&quot;40.3467&quot;,&quot;long&quot;:&quot;-30.1310&quot;},&quot;city&quot;:&quot;Cullman&quot;,&quot;street&quot;:&quot;Frances Ct&quot;,&quot;number&quot;:86,&quot;zipcode&quot;:&quot;29567-1452&quot;},&quot;id&quot;:3,&quot;email&quot;:&quot;kevin@gmail.com&quot;,&quot;username&quot;:&quot;kevinryan&quot;,&quot;password&quot;:&quot;kev02937@&quot;,&quot;name&quot;:{&quot;firstname&quot;:&quot;kevin&quot;,&quot;lastname&quot;:&quot;ryan&quot;},&quot;phone&quot;:&quot;1-567-094-1345&quot;,&quot;__v&quot;:0},{&quot;address&quot;:{&quot;geolocation&quot;:{&quot;lat&quot;:&quot;50.3467&quot;,&quot;long&quot;:&quot;-20.1310&quot;},&quot;city&quot;:&quot;San Antonio&quot;,&quot;street&quot;:&quot;Hunters Creek Dr&quot;,&quot;number&quot;:6454,&quot;zipcode&quot;:&quot;98234-1734&quot;},&quot;id&quot;:4,&quot;email&quot;:&quot;don@gmail.com&quot;,&quot;username&quot;:&quot;donero&quot;,&quot;password&quot;:&quot;ewedon&quot;,&quot;name&quot;:{&quot;firstname&quot;:&quot;don&quot;,&quot;lastname&quot;:&quot;romer&quot;},&quot;phone&quot;:&quot;1-765-789-6734&quot;,&quot;__v&quot;:0},{&quot;address&quot;:{&quot;geolocation&quot;:{&quot;lat&quot;:&quot;40.3467&quot;,&quot;long&quot;:&quot;-40.1310&quot;},&quot;city&quot;:&quot;san Antonio&quot;,&quot;street&quot;:&quot;adams St&quot;,&quot;number&quot;:245,&quot;zipcode&quot;:&quot;80796-1234&quot;},&quot;id&quot;:5,&quot;email&quot;:&quot;derek@gmail.com&quot;,&quot;username&quot;:&quot;derek&quot;,&quot;password&quot;:&quot;jklg*_56&quot;,&quot;name&quot;:{&quot;firstname&quot;:&quot;derek&quot;,&quot;lastname&quot;:&quot;powell&quot;},&quot;phone&quot;:&quot;1-956-001-1945&quot;,&quot;__v&quot;:0},{&quot;address&quot;:{&quot;geolocation&quot;:{&quot;lat&quot;:&quot;20.1677&quot;,&quot;long&quot;:&quot;-10.6789&quot;},&quot;city&quot;:&quot;el paso&quot;,&quot;street&quot;:&quot;prospect st&quot;,&quot;number&quot;:124,&quot;zipcode&quot;:&quot;12346-0456&quot;},&quot;id&quot;:6,&quot;email&quot;:&quot;david_r@gmail.com&quot;,&quot;username&quot;:&quot;david_r&quot;,&quot;password&quot;:&quot;3478*#54&quot;,&quot;name&quot;:{&quot;firstname&quot;:&quot;david&quot;,&quot;lastname&quot;:&quot;russell&quot;},&quot;phone&quot;:&quot;1-678-345-9856&quot;,&quot;__v&quot;:0},{&quot;address&quot;:{&quot;geolocation&quot;:{&quot;lat&quot;:&quot;10.3456&quot;,&quot;long&quot;:&quot;20.6419&quot;},&quot;city&quot;:&quot;fresno&quot;,&quot;street&quot;:&quot;saddle st&quot;,&quot;number&quot;:1342,&quot;zipcode&quot;:&quot;96378-0245&quot;},&quot;id&quot;:7,&quot;email&quot;:&quot;miriam@gmail.com&quot;,&quot;username&quot;:&quot;snyder&quot;,&quot;password&quot;:&quot;f238&amp;@*$&quot;,&quot;name&quot;:{&quot;firstname&quot;:&quot;miriam&quot;,&quot;lastname&quot;:&quot;snyder&quot;},&quot;phone&quot;:&quot;1-123-943-0563&quot;,&quot;__v&quot;:0},{&quot;address&quot;:{&quot;geolocation&quot;:{&quot;lat&quot;:&quot;50.3456&quot;,&quot;long&quot;:&quot;10.6419&quot;},&quot;city&quot;:&quot;mesa&quot;,&quot;street&quot;:&quot;vally view ln&quot;,&quot;number&quot;:1342,&quot;zipcode&quot;:&quot;96378-0245&quot;},&quot;id&quot;:8,&quot;email&quot;:&quot;william@gmail.com&quot;,&quot;username&quot;:&quot;hopkins&quot;,&quot;password&quot;:&quot;William56$hj&quot;,&quot;name&quot;:{&quot;firstname&quot;:&quot;william&quot;,&quot;lastname&quot;:&quot;hopkins&quot;},&quot;phone&quot;:&quot;1-478-001-0890&quot;,&quot;__v&quot;:0},{&quot;address&quot;:{&quot;geolocation&quot;:{&quot;lat&quot;:&quot;40.12456&quot;,&quot;long&quot;:&quot;20.5419&quot;},&quot;city&quot;:&quot;miami&quot;,&quot;street&quot;:&quot;avondale ave&quot;,&quot;number&quot;:345,&quot;zipcode&quot;:&quot;96378-0245&quot;},&quot;id&quot;:9,&quot;email&quot;:&quot;kate@gmail.com&quot;,&quot;username&quot;:&quot;kate_h&quot;,&quot;password&quot;:&quot;kfejk@*_&quot;,&quot;name&quot;:{&quot;firstname&quot;:&quot;kate&quot;,&quot;lastname&quot;:&quot;hale&quot;},&quot;phone&quot;:&quot;1-678-456-1934&quot;,&quot;__v&quot;:0},{&quot;address&quot;:{&quot;geolocation&quot;:{&quot;lat&quot;:&quot;30.24788&quot;,&quot;long&quot;:&quot;-20.545419&quot;},&quot;city&quot;:&quot;fort wayne&quot;,&quot;street&quot;:&quot;oak lawn ave&quot;,&quot;number&quot;:526,&quot;zipcode&quot;:&quot;10256-4532&quot;},&quot;id&quot;:10,&quot;email&quot;:&quot;jimmie@gmail.com&quot;,&quot;username&quot;:&quot;jimmie_k&quot;,&quot;password&quot;:&quot;klein*#%*&quot;,&quot;name&quot;:{&quot;firstname&quot;:&quot;jimmie&quot;,&quot;lastname&quot;:&quot;klein&quot;},&quot;phone&quot;:&quot;1-104-001-4567&quot;,&quot;__v&quot;:0}]
" type="java.lang.AssertionError">
      <![CDATA[java.lang.AssertionError: 1 expectation failed.
Response body doesn't match expectation.
Expected: an empty array
  Actual: [{"address":{"geolocation":{"lat":"-37.3159","long":"81.1496"},"city":"kilcoole","street":"new road","number":7682,"zipcode":"12926-3874"},"id":1,"email":"john@gmail.com","username":"johnd","password":"m38rmF$","name":{"firstname":"john","lastname":"doe"},"phone":"1-570-236-7033","__v":0},{"address":{"geolocation":{"lat":"-37.3159","long":"81.1496"},"city":"kilcoole","street":"Lovers Ln","number":7267,"zipcode":"12926-3874"},"id":2,"email":"morrison@gmail.com","username":"mor_2314","password":"83r5^_","name":{"firstname":"david","lastname":"morrison"},"phone":"1-570-236-7033","__v":0},{"address":{"geolocation":{"lat":"40.3467","long":"-30.1310"},"city":"Cullman","street":"Frances Ct","number":86,"zipcode":"29567-1452"},"id":3,"email":"kevin@gmail.com","username":"kevinryan","password":"kev02937@","name":{"firstname":"kevin","lastname":"ryan"},"phone":"1-567-094-1345","__v":0},{"address":{"geolocation":{"lat":"50.3467","long":"-20.1310"},"city":"San Antonio","street":"Hunters Creek Dr","number":6454,"zipcode":"98234-1734"},"id":4,"email":"don@gmail.com","username":"donero","password":"ewedon","name":{"firstname":"don","lastname":"romer"},"phone":"1-765-789-6734","__v":0},{"address":{"geolocation":{"lat":"40.3467","long":"-40.1310"},"city":"san Antonio","street":"adams St","number":245,"zipcode":"80796-1234"},"id":5,"email":"derek@gmail.com","username":"derek","password":"jklg*_56","name":{"firstname":"derek","lastname":"powell"},"phone":"1-956-001-1945","__v":0},{"address":{"geolocation":{"lat":"20.1677","long":"-10.6789"},"city":"el paso","street":"prospect st","number":124,"zipcode":"12346-0456"},"id":6,"email":"david_r@gmail.com","username":"david_r","password":"3478*#54","name":{"firstname":"david","lastname":"russell"},"phone":"1-678-345-9856","__v":0},{"address":{"geolocation":{"lat":"10.3456","long":"20.6419"},"city":"fresno","street":"saddle st","number":1342,"zipcode":"96378-0245"},"id":7,"email":"miriam@gmail.com","username":"snyder","password":"f238&@*$","name":{"firstname":"miriam","lastname":"snyder"},"phone":"1-123-943-0563","__v":0},{"address":{"geolocation":{"lat":"50.3456","long":"10.6419"},"city":"mesa","street":"vally view ln","number":1342,"zipcode":"96378-0245"},"id":8,"email":"william@gmail.com","username":"hopkins","password":"William56$hj","name":{"firstname":"william","lastname":"hopkins"},"phone":"1-478-001-0890","__v":0},{"address":{"geolocation":{"lat":"40.12456","long":"20.5419"},"city":"miami","street":"avondale ave","number":345,"zipcode":"96378-0245"},"id":9,"email":"kate@gmail.com","username":"kate_h","password":"kfejk@*_","name":{"firstname":"kate","lastname":"hale"},"phone":"1-678-456-1934","__v":0},{"address":{"geolocation":{"lat":"30.24788","long":"-20.545419"},"city":"fort wayne","street":"oak lawn ave","number":526,"zipcode":"10256-4532"},"id":10,"email":"jimmie@gmail.com","username":"jimmie_k","password":"klein*#%*","name":{"firstname":"jimmie","lastname":"klein"},"phone":"1-104-001-4567","__v":0}]

at java.base/jdk.internal.reflect.DirectConstructorHandleAccessor.newInstance(DirectConstructorHandleAccessor.java:67)
at java.base/java.lang.reflect.Constructor.newInstanceWithCaller(Constructor.java:500)
at java.base/java.lang.reflect.Constructor.newInstance(Constructor.java:484)
at org.codehaus.groovy.reflection.CachedConstructor.invoke(CachedConstructor.java:72)
at org.codehaus.groovy.runtime.callsite.ConstructorSite$ConstructorSiteNoUnwrapNoCoerce.callConstructor(ConstructorSite.java:105)
at org.codehaus.groovy.runtime.callsite.AbstractCallSite.callConstructor(AbstractCallSite.java:277)
at io.restassured.internal.ResponseSpecificationImpl$HamcrestAssertionClosure.validate(ResponseSpecificationImpl.groovy:493)
at io.restassured.internal.ResponseSpecificationImpl$HamcrestAssertionClosure$validate$1.call(Unknown Source)
at io.restassured.internal.ResponseSpecificationImpl.validateResponseIfRequired(ResponseSpecificationImpl.groovy:674)
at java.base/jdk.internal.reflect.DirectMethodHandleAccessor.invoke(DirectMethodHandleAccessor.java:104)
at java.base/java.lang.reflect.Method.invoke(Method.java:578)
at org.codehaus.groovy.runtime.callsite.PlainObjectMetaMethodSite.doInvoke(PlainObjectMetaMethodSite.java:43)
at org.codehaus.groovy.runtime.callsite.PogoMetaMethodSite$PogoCachedMethodSiteNoUnwrapNoCoerce.invoke(PogoMetaMethodSite.java:193)
at org.codehaus.groovy.runtime.callsite.PogoMetaMethodSite.callCurrent(PogoMetaMethodSite.java:61)
at org.codehaus.groovy.runtime.callsite.AbstractCallSite.callCurrent(AbstractCallSite.java:185)
at io.restassured.internal.ResponseSpecificationImpl.body(ResponseSpecificationImpl.groovy:98)
at io.restassured.internal.ValidatableResponseOptionsImpl.body(ValidatableResponseOptionsImpl.java:238)
at io.restassured.internal.ValidatableResponseImpl.super$2$body(ValidatableResponseImpl.groovy)
at java.base/jdk.internal.reflect.DirectMethodHandleAccessor.invoke(DirectMethodHandleAccessor.java:104)
at java.base/java.lang.reflect.Method.invoke(Method.java:578)
at org.codehaus.groovy.reflection.CachedMethod.invoke(CachedMethod.java:107)
at groovy.lang.MetaMethod.doMethodInvoke(MetaMethod.java:323)
at groovy.lang.MetaClassImpl.invokeMethod(MetaClassImpl.java:1268)
at org.codehaus.groovy.runtime.ScriptBytecodeAdapter.invokeMethodOnSuperN(ScriptBytecodeAdapter.java:144)
at io.restassured.internal.ValidatableResponseImpl.body(ValidatableResponseImpl.groovy:293)
at io.restassured.internal.ValidatableResponseImpl.body(ValidatableResponseImpl.groovy)
at user.SortUserNegative(user.java:69)
at java.base/jdk.internal.reflect.DirectMethodHandleAccessor.invoke(DirectMethodHandleAccessor.java:104)
at java.base/java.lang.reflect.Method.invoke(Method.java:578)
at org.testng.internal.MethodInvocationHelper.invokeMethod(MethodInvocationHelper.java:133)
at org.testng.internal.TestInvoker.invokeMethod(TestInvoker.java:598)
at org.testng.internal.TestInvoker.invokeTestMethod(TestInvoker.java:173)
at org.testng.internal.MethodRunner.runInSequence(MethodRunner.java:46)
at org.testng.internal.TestInvoker$MethodInvocationAgent.invoke(TestInvoker.java:824)
at org.testng.internal.TestInvoker.invokeTestMethods(TestInvoker.java:146)
at org.testng.internal.TestMethodWorker.invokeTestMethods(TestMethodWorker.java:146)
at org.testng.internal.TestMethodWorker.run(TestMethodWorker.java:128)
at java.base/java.util.ArrayList.forEach(ArrayList.java:1511)
at org.testng.TestRunner.privateRun(TestRunner.java:794)
at org.testng.TestRunner.run(TestRunner.java:596)
at org.testng.SuiteRunner.runTest(SuiteRunner.java:377)
at org.testng.SuiteRunner.runSequentially(SuiteRunner.java:371)
at org.testng.SuiteRunner.privateRun(SuiteRunner.java:332)
at org.testng.SuiteRunner.run(SuiteRunner.java:276)
at org.testng.SuiteRunnerWorker.runSuite(SuiteRunnerWorker.java:53)
at org.testng.SuiteRunnerWorker.run(SuiteRunnerWorker.java:96)
at org.testng.TestNG.runSuitesSequentially(TestNG.java:1212)
at org.testng.TestNG.runSuitesLocally(TestNG.java:1134)
at org.testng.TestNG.runSuites(TestNG.java:1063)
at org.testng.TestNG.run(TestNG.java:1031)
at com.intellij.rt.testng.IDEARemoteTestNG.run(IDEARemoteTestNG.java:66)
at com.intellij.rt.testng.RemoteTestNGStarter.main(RemoteTestNGStarter.java:109)
]]>
    </failure>
  </testcase> <!-- SortUserNegative -->
  <system-out/>
  <testcase classname="user" name="AllUserPositive" time="1.065"/>
  <system-out>
    <![CDATA[passed because status code = 200 ,first username is johnd, and size is 10]]>
  </system-out>
  <testcase classname="user" name="LimitUserPositive" time="0.620"/>
  <system-out>
    <![CDATA[passed because array 5 has nothing (no id)]]>
  </system-out>
  <testcase classname="user" name="SpecificUserPositive" time="0.908"/>
  <system-out>
    <![CDATA[passed because status code = 200 and id = 1]]>
  </system-out>
  <testcase classname="user" name="PutUserPositive" time="0.766">
    <failure message="1 expectation failed.
JSON path id doesn&#039;t match.
Expected: &lt;7&gt;
  Actual: null
" type="java.lang.AssertionError">
      <![CDATA[java.lang.AssertionError: 1 expectation failed.
JSON path id doesn't match.
Expected: <7>
  Actual: null

at java.base/jdk.internal.reflect.DirectConstructorHandleAccessor.newInstance(DirectConstructorHandleAccessor.java:67)
at java.base/java.lang.reflect.Constructor.newInstanceWithCaller(Constructor.java:500)
at java.base/java.lang.reflect.Constructor.newInstance(Constructor.java:484)
at org.codehaus.groovy.reflection.CachedConstructor.invoke(CachedConstructor.java:72)
at org.codehaus.groovy.runtime.callsite.ConstructorSite$ConstructorSiteNoUnwrapNoCoerce.callConstructor(ConstructorSite.java:105)
at org.codehaus.groovy.runtime.callsite.AbstractCallSite.callConstructor(AbstractCallSite.java:277)
at io.restassured.internal.ResponseSpecificationImpl$HamcrestAssertionClosure.validate(ResponseSpecificationImpl.groovy:493)
at io.restassured.internal.ResponseSpecificationImpl$HamcrestAssertionClosure$validate$1.call(Unknown Source)
at io.restassured.internal.ResponseSpecificationImpl.validateResponseIfRequired(ResponseSpecificationImpl.groovy:674)
at java.base/jdk.internal.reflect.DirectMethodHandleAccessor.invoke(DirectMethodHandleAccessor.java:104)
at java.base/java.lang.reflect.Method.invoke(Method.java:578)
at org.codehaus.groovy.runtime.callsite.PlainObjectMetaMethodSite.doInvoke(PlainObjectMetaMethodSite.java:43)
at org.codehaus.groovy.runtime.callsite.PogoMetaMethodSite$PogoCachedMethodSiteNoUnwrapNoCoerce.invoke(PogoMetaMethodSite.java:193)
at org.codehaus.groovy.runtime.callsite.PogoMetaMethodSite.callCurrent(PogoMetaMethodSite.java:61)
at org.codehaus.groovy.runtime.callsite.AbstractCallSite.callCurrent(AbstractCallSite.java:185)
at io.restassured.internal.ResponseSpecificationImpl.body(ResponseSpecificationImpl.groovy:261)
at io.restassured.specification.ResponseSpecification$body$0.callCurrent(Unknown Source)
at io.restassured.internal.ResponseSpecificationImpl.body(ResponseSpecificationImpl.groovy:108)
at io.restassured.internal.ValidatableResponseOptionsImpl.body(ValidatableResponseOptionsImpl.java:244)
at io.restassured.internal.ValidatableResponseImpl.super$2$body(ValidatableResponseImpl.groovy)
at java.base/jdk.internal.reflect.DirectMethodHandleAccessor.invoke(DirectMethodHandleAccessor.java:104)
at java.base/java.lang.reflect.Method.invoke(Method.java:578)
at org.codehaus.groovy.reflection.CachedMethod.invoke(CachedMethod.java:107)
at groovy.lang.MetaMethod.doMethodInvoke(MetaMethod.java:323)
at groovy.lang.MetaClassImpl.invokeMethod(MetaClassImpl.java:1268)
at org.codehaus.groovy.runtime.ScriptBytecodeAdapter.invokeMethodOnSuperN(ScriptBytecodeAdapter.java:144)
at io.restassured.internal.ValidatableResponseImpl.body(ValidatableResponseImpl.groovy:298)
at io.restassured.internal.ValidatableResponseImpl.body(ValidatableResponseImpl.groovy)
at user.PutUserPositive(user.java:135)
at java.base/jdk.internal.reflect.DirectMethodHandleAccessor.invoke(DirectMethodHandleAccessor.java:104)
at java.base/java.lang.reflect.Method.invoke(Method.java:578)
at org.testng.internal.MethodInvocationHelper.invokeMethod(MethodInvocationHelper.java:133)
at org.testng.internal.TestInvoker.invokeMethod(TestInvoker.java:598)
at org.testng.internal.TestInvoker.invokeTestMethod(TestInvoker.java:173)
at org.testng.internal.MethodRunner.runInSequence(MethodRunner.java:46)
at org.testng.internal.TestInvoker$MethodInvocationAgent.invoke(TestInvoker.java:824)
at org.testng.internal.TestInvoker.invokeTestMethods(TestInvoker.java:146)
at org.testng.internal.TestMethodWorker.invokeTestMethods(TestMethodWorker.java:146)
at org.testng.internal.TestMethodWorker.run(TestMethodWorker.java:128)
at java.base/java.util.ArrayList.forEach(ArrayList.java:1511)
at org.testng.TestRunner.privateRun(TestRunner.java:794)
at org.testng.TestRunner.run(TestRunner.java:596)
at org.testng.SuiteRunner.runTest(SuiteRunner.java:377)
at org.testng.SuiteRunner.runSequentially(SuiteRunner.java:371)
at org.testng.SuiteRunner.privateRun(SuiteRunner.java:332)
at org.testng.SuiteRunner.run(SuiteRunner.java:276)
at org.testng.SuiteRunnerWorker.runSuite(SuiteRunnerWorker.java:53)
at org.testng.SuiteRunnerWorker.run(SuiteRunnerWorker.java:96)
at org.testng.TestNG.runSuitesSequentially(TestNG.java:1212)
at org.testng.TestNG.runSuitesLocally(TestNG.java:1134)
at org.testng.TestNG.runSuites(TestNG.java:1063)
at org.testng.TestNG.run(TestNG.java:1031)
at com.intellij.rt.testng.IDEARemoteTestNG.run(IDEARemoteTestNG.java:66)
at com.intellij.rt.testng.RemoteTestNGStarter.main(RemoteTestNGStarter.java:109)
]]>
    </failure>
  </testcase> <!-- PutUserPositive -->
  <system-out/>
  <testcase classname="user" name="LimitUserNegative" time="0.931">
    <failure message="1 expectation failed.
Response body doesn&#039;t match expectation.
Expected: an empty string
  Actual: [{&quot;address&quot;:{&quot;geolocation&quot;:{&quot;lat&quot;:&quot;-37.3159&quot;,&quot;long&quot;:&quot;81.1496&quot;},&quot;city&quot;:&quot;kilcoole&quot;,&quot;street&quot;:&quot;new road&quot;,&quot;number&quot;:7682,&quot;zipcode&quot;:&quot;12926-3874&quot;},&quot;id&quot;:1,&quot;email&quot;:&quot;john@gmail.com&quot;,&quot;username&quot;:&quot;johnd&quot;,&quot;password&quot;:&quot;m38rmF$&quot;,&quot;name&quot;:{&quot;firstname&quot;:&quot;john&quot;,&quot;lastname&quot;:&quot;doe&quot;},&quot;phone&quot;:&quot;1-570-236-7033&quot;,&quot;__v&quot;:0},{&quot;address&quot;:{&quot;geolocation&quot;:{&quot;lat&quot;:&quot;-37.3159&quot;,&quot;long&quot;:&quot;81.1496&quot;},&quot;city&quot;:&quot;kilcoole&quot;,&quot;street&quot;:&quot;Lovers Ln&quot;,&quot;number&quot;:7267,&quot;zipcode&quot;:&quot;12926-3874&quot;},&quot;id&quot;:2,&quot;email&quot;:&quot;morrison@gmail.com&quot;,&quot;username&quot;:&quot;mor_2314&quot;,&quot;password&quot;:&quot;83r5^_&quot;,&quot;name&quot;:{&quot;firstname&quot;:&quot;david&quot;,&quot;lastname&quot;:&quot;morrison&quot;},&quot;phone&quot;:&quot;1-570-236-7033&quot;,&quot;__v&quot;:0},{&quot;address&quot;:{&quot;geolocation&quot;:{&quot;lat&quot;:&quot;40.3467&quot;,&quot;long&quot;:&quot;-30.1310&quot;},&quot;city&quot;:&quot;Cullman&quot;,&quot;street&quot;:&quot;Frances Ct&quot;,&quot;number&quot;:86,&quot;zipcode&quot;:&quot;29567-1452&quot;},&quot;id&quot;:3,&quot;email&quot;:&quot;kevin@gmail.com&quot;,&quot;username&quot;:&quot;kevinryan&quot;,&quot;password&quot;:&quot;kev02937@&quot;,&quot;name&quot;:{&quot;firstname&quot;:&quot;kevin&quot;,&quot;lastname&quot;:&quot;ryan&quot;},&quot;phone&quot;:&quot;1-567-094-1345&quot;,&quot;__v&quot;:0},{&quot;address&quot;:{&quot;geolocation&quot;:{&quot;lat&quot;:&quot;50.3467&quot;,&quot;long&quot;:&quot;-20.1310&quot;},&quot;city&quot;:&quot;San Antonio&quot;,&quot;street&quot;:&quot;Hunters Creek Dr&quot;,&quot;number&quot;:6454,&quot;zipcode&quot;:&quot;98234-1734&quot;},&quot;id&quot;:4,&quot;email&quot;:&quot;don@gmail.com&quot;,&quot;username&quot;:&quot;donero&quot;,&quot;password&quot;:&quot;ewedon&quot;,&quot;name&quot;:{&quot;firstname&quot;:&quot;don&quot;,&quot;lastname&quot;:&quot;romer&quot;},&quot;phone&quot;:&quot;1-765-789-6734&quot;,&quot;__v&quot;:0},{&quot;address&quot;:{&quot;geolocation&quot;:{&quot;lat&quot;:&quot;40.3467&quot;,&quot;long&quot;:&quot;-40.1310&quot;},&quot;city&quot;:&quot;san Antonio&quot;,&quot;street&quot;:&quot;adams St&quot;,&quot;number&quot;:245,&quot;zipcode&quot;:&quot;80796-1234&quot;},&quot;id&quot;:5,&quot;email&quot;:&quot;derek@gmail.com&quot;,&quot;username&quot;:&quot;derek&quot;,&quot;password&quot;:&quot;jklg*_56&quot;,&quot;name&quot;:{&quot;firstname&quot;:&quot;derek&quot;,&quot;lastname&quot;:&quot;powell&quot;},&quot;phone&quot;:&quot;1-956-001-1945&quot;,&quot;__v&quot;:0}]
" type="java.lang.AssertionError">
      <![CDATA[java.lang.AssertionError: 1 expectation failed.
Response body doesn't match expectation.
Expected: an empty string
  Actual: [{"address":{"geolocation":{"lat":"-37.3159","long":"81.1496"},"city":"kilcoole","street":"new road","number":7682,"zipcode":"12926-3874"},"id":1,"email":"john@gmail.com","username":"johnd","password":"m38rmF$","name":{"firstname":"john","lastname":"doe"},"phone":"1-570-236-7033","__v":0},{"address":{"geolocation":{"lat":"-37.3159","long":"81.1496"},"city":"kilcoole","street":"Lovers Ln","number":7267,"zipcode":"12926-3874"},"id":2,"email":"morrison@gmail.com","username":"mor_2314","password":"83r5^_","name":{"firstname":"david","lastname":"morrison"},"phone":"1-570-236-7033","__v":0},{"address":{"geolocation":{"lat":"40.3467","long":"-30.1310"},"city":"Cullman","street":"Frances Ct","number":86,"zipcode":"29567-1452"},"id":3,"email":"kevin@gmail.com","username":"kevinryan","password":"kev02937@","name":{"firstname":"kevin","lastname":"ryan"},"phone":"1-567-094-1345","__v":0},{"address":{"geolocation":{"lat":"50.3467","long":"-20.1310"},"city":"San Antonio","street":"Hunters Creek Dr","number":6454,"zipcode":"98234-1734"},"id":4,"email":"don@gmail.com","username":"donero","password":"ewedon","name":{"firstname":"don","lastname":"romer"},"phone":"1-765-789-6734","__v":0},{"address":{"geolocation":{"lat":"40.3467","long":"-40.1310"},"city":"san Antonio","street":"adams St","number":245,"zipcode":"80796-1234"},"id":5,"email":"derek@gmail.com","username":"derek","password":"jklg*_56","name":{"firstname":"derek","lastname":"powell"},"phone":"1-956-001-1945","__v":0}]

at java.base/jdk.internal.reflect.DirectConstructorHandleAccessor.newInstance(DirectConstructorHandleAccessor.java:67)
at java.base/java.lang.reflect.Constructor.newInstanceWithCaller(Constructor.java:500)
at java.base/java.lang.reflect.Constructor.newInstance(Constructor.java:484)
at org.codehaus.groovy.reflection.CachedConstructor.invoke(CachedConstructor.java:72)
at org.codehaus.groovy.runtime.callsite.ConstructorSite$ConstructorSiteNoUnwrapNoCoerce.callConstructor(ConstructorSite.java:105)
at org.codehaus.groovy.runtime.callsite.AbstractCallSite.callConstructor(AbstractCallSite.java:277)
at io.restassured.internal.ResponseSpecificationImpl$HamcrestAssertionClosure.validate(ResponseSpecificationImpl.groovy:493)
at io.restassured.internal.ResponseSpecificationImpl$HamcrestAssertionClosure$validate$1.call(Unknown Source)
at io.restassured.internal.ResponseSpecificationImpl.validateResponseIfRequired(ResponseSpecificationImpl.groovy:674)
at java.base/jdk.internal.reflect.DirectMethodHandleAccessor.invoke(DirectMethodHandleAccessor.java:104)
at java.base/java.lang.reflect.Method.invoke(Method.java:578)
at org.codehaus.groovy.runtime.callsite.PlainObjectMetaMethodSite.doInvoke(PlainObjectMetaMethodSite.java:43)
at org.codehaus.groovy.runtime.callsite.PogoMetaMethodSite$PogoCachedMethodSiteNoUnwrapNoCoerce.invoke(PogoMetaMethodSite.java:193)
at org.codehaus.groovy.runtime.callsite.PogoMetaMethodSite.callCurrent(PogoMetaMethodSite.java:61)
at org.codehaus.groovy.runtime.callsite.CallSiteArray.defaultCallCurrent(CallSiteArray.java:51)
at org.codehaus.groovy.runtime.callsite.AbstractCallSite.callCurrent(AbstractCallSite.java:171)
at org.codehaus.groovy.runtime.callsite.AbstractCallSite.callCurrent(AbstractCallSite.java:185)
at io.restassured.internal.ResponseSpecificationImpl.body(ResponseSpecificationImpl.groovy:98)
at io.restassured.internal.ValidatableResponseOptionsImpl.body(ValidatableResponseOptionsImpl.java:238)
at io.restassured.internal.ValidatableResponseImpl.super$2$body(ValidatableResponseImpl.groovy)
at java.base/jdk.internal.reflect.DirectMethodHandleAccessor.invoke(DirectMethodHandleAccessor.java:104)
at java.base/java.lang.reflect.Method.invoke(Method.java:578)
at org.codehaus.groovy.reflection.CachedMethod.invoke(CachedMethod.java:107)
at groovy.lang.MetaMethod.doMethodInvoke(MetaMethod.java:323)
at groovy.lang.MetaClassImpl.invokeMethod(MetaClassImpl.java:1268)
at org.codehaus.groovy.runtime.ScriptBytecodeAdapter.invokeMethodOnSuperN(ScriptBytecodeAdapter.java:144)
at io.restassured.internal.ValidatableResponseImpl.body(ValidatableResponseImpl.groovy:293)
at io.restassured.internal.ValidatableResponseImpl.body(ValidatableResponseImpl.groovy)
at user.LimitUserNegative(user.java:54)
at java.base/jdk.internal.reflect.DirectMethodHandleAccessor.invoke(DirectMethodHandleAccessor.java:104)
at java.base/java.lang.reflect.Method.invoke(Method.java:578)
at org.testng.internal.MethodInvocationHelper.invokeMethod(MethodInvocationHelper.java:133)
at org.testng.internal.TestInvoker.invokeMethod(TestInvoker.java:598)
at org.testng.internal.TestInvoker.invokeTestMethod(TestInvoker.java:173)
at org.testng.internal.MethodRunner.runInSequence(MethodRunner.java:46)
at org.testng.internal.TestInvoker$MethodInvocationAgent.invoke(TestInvoker.java:824)
at org.testng.internal.TestInvoker.invokeTestMethods(TestInvoker.java:146)
at org.testng.internal.TestMethodWorker.invokeTestMethods(TestMethodWorker.java:146)
at org.testng.internal.TestMethodWorker.run(TestMethodWorker.java:128)
at java.base/java.util.ArrayList.forEach(ArrayList.java:1511)
at org.testng.TestRunner.privateRun(TestRunner.java:794)
at org.testng.TestRunner.run(TestRunner.java:596)
at org.testng.SuiteRunner.runTest(SuiteRunner.java:377)
at org.testng.SuiteRunner.runSequentially(SuiteRunner.java:371)
at org.testng.SuiteRunner.privateRun(SuiteRunner.java:332)
at org.testng.SuiteRunner.run(SuiteRunner.java:276)
at org.testng.SuiteRunnerWorker.runSuite(SuiteRunnerWorker.java:53)
at org.testng.SuiteRunnerWorker.run(SuiteRunnerWorker.java:96)
at org.testng.TestNG.runSuitesSequentially(TestNG.java:1212)
at org.testng.TestNG.runSuitesLocally(TestNG.java:1134)
at org.testng.TestNG.runSuites(TestNG.java:1063)
at org.testng.TestNG.run(TestNG.java:1031)
at com.intellij.rt.testng.IDEARemoteTestNG.run(IDEARemoteTestNG.java:66)
at com.intellij.rt.testng.RemoteTestNGStarter.main(RemoteTestNGStarter.java:109)
]]>
    </failure>
  </testcase> <!-- LimitUserNegative -->
  <system-out/>
  <testcase classname="user" name="AddUserPositive" time="2.555">
    <failure message="1 expectation failed.
JSON path id doesn&#039;t match.
Expected: &lt;21&gt;
  Actual: &lt;11&gt;
" type="java.lang.AssertionError">
      <![CDATA[java.lang.AssertionError: 1 expectation failed.
JSON path id doesn't match.
Expected: <21>
  Actual: <11>

at java.base/jdk.internal.reflect.DirectConstructorHandleAccessor.newInstance(DirectConstructorHandleAccessor.java:67)
at java.base/java.lang.reflect.Constructor.newInstanceWithCaller(Constructor.java:500)
at java.base/java.lang.reflect.Constructor.newInstance(Constructor.java:484)
at org.codehaus.groovy.reflection.CachedConstructor.invoke(CachedConstructor.java:72)
at org.codehaus.groovy.runtime.callsite.ConstructorSite$ConstructorSiteNoUnwrapNoCoerce.callConstructor(ConstructorSite.java:105)
at org.codehaus.groovy.runtime.callsite.CallSiteArray.defaultCallConstructor(CallSiteArray.java:59)
at org.codehaus.groovy.runtime.callsite.AbstractCallSite.callConstructor(AbstractCallSite.java:263)
at org.codehaus.groovy.runtime.callsite.AbstractCallSite.callConstructor(AbstractCallSite.java:277)
at io.restassured.internal.ResponseSpecificationImpl$HamcrestAssertionClosure.validate(ResponseSpecificationImpl.groovy:493)
at io.restassured.internal.ResponseSpecificationImpl$HamcrestAssertionClosure$validate$1.call(Unknown Source)
at org.codehaus.groovy.runtime.callsite.CallSiteArray.defaultCall(CallSiteArray.java:47)
at org.codehaus.groovy.runtime.callsite.AbstractCallSite.call(AbstractCallSite.java:125)
at org.codehaus.groovy.runtime.callsite.AbstractCallSite.call(AbstractCallSite.java:139)
at io.restassured.internal.ResponseSpecificationImpl.validateResponseIfRequired(ResponseSpecificationImpl.groovy:674)
at java.base/jdk.internal.reflect.DirectMethodHandleAccessor.invoke(DirectMethodHandleAccessor.java:104)
at java.base/java.lang.reflect.Method.invoke(Method.java:578)
at org.codehaus.groovy.runtime.callsite.PlainObjectMetaMethodSite.doInvoke(PlainObjectMetaMethodSite.java:43)
at org.codehaus.groovy.runtime.callsite.PogoMetaMethodSite$PogoCachedMethodSiteNoUnwrapNoCoerce.invoke(PogoMetaMethodSite.java:193)
at org.codehaus.groovy.runtime.callsite.PogoMetaMethodSite.callCurrent(PogoMetaMethodSite.java:61)
at org.codehaus.groovy.runtime.callsite.CallSiteArray.defaultCallCurrent(CallSiteArray.java:51)
at org.codehaus.groovy.runtime.callsite.AbstractCallSite.callCurrent(AbstractCallSite.java:171)
at org.codehaus.groovy.runtime.callsite.AbstractCallSite.callCurrent(AbstractCallSite.java:185)
at io.restassured.internal.ResponseSpecificationImpl.body(ResponseSpecificationImpl.groovy:261)
at io.restassured.specification.ResponseSpecification$body$0.callCurrent(Unknown Source)
at org.codehaus.groovy.runtime.callsite.CallSiteArray.defaultCallCurrent(CallSiteArray.java:51)
at org.codehaus.groovy.runtime.callsite.AbstractCallSite.callCurrent(AbstractCallSite.java:171)
at org.codehaus.groovy.runtime.callsite.AbstractCallSite.callCurrent(AbstractCallSite.java:212)
at io.restassured.internal.ResponseSpecificationImpl.body(ResponseSpecificationImpl.groovy:108)
at io.restassured.internal.ValidatableResponseOptionsImpl.body(ValidatableResponseOptionsImpl.java:244)
at io.restassured.internal.ValidatableResponseImpl.super$2$body(ValidatableResponseImpl.groovy)
at java.base/jdk.internal.reflect.DirectMethodHandleAccessor.invoke(DirectMethodHandleAccessor.java:104)
at java.base/java.lang.reflect.Method.invoke(Method.java:578)
at org.codehaus.groovy.reflection.CachedMethod.invoke(CachedMethod.java:107)
at groovy.lang.MetaMethod.doMethodInvoke(MetaMethod.java:323)
at groovy.lang.MetaClassImpl.invokeMethod(MetaClassImpl.java:1268)
at org.codehaus.groovy.runtime.ScriptBytecodeAdapter.invokeMethodOnSuperN(ScriptBytecodeAdapter.java:144)
at io.restassured.internal.ValidatableResponseImpl.body(ValidatableResponseImpl.groovy:298)
at io.restassured.internal.ValidatableResponseImpl.body(ValidatableResponseImpl.groovy)
at user.AddUserPositive(user.java:109)
at java.base/jdk.internal.reflect.DirectMethodHandleAccessor.invoke(DirectMethodHandleAccessor.java:104)
at java.base/java.lang.reflect.Method.invoke(Method.java:578)
at org.testng.internal.MethodInvocationHelper.invokeMethod(MethodInvocationHelper.java:133)
at org.testng.internal.TestInvoker.invokeMethod(TestInvoker.java:598)
at org.testng.internal.TestInvoker.invokeTestMethod(TestInvoker.java:173)
at org.testng.internal.MethodRunner.runInSequence(MethodRunner.java:46)
at org.testng.internal.TestInvoker$MethodInvocationAgent.invoke(TestInvoker.java:824)
at org.testng.internal.TestInvoker.invokeTestMethods(TestInvoker.java:146)
at org.testng.internal.TestMethodWorker.invokeTestMethods(TestMethodWorker.java:146)
at org.testng.internal.TestMethodWorker.run(TestMethodWorker.java:128)
at java.base/java.util.ArrayList.forEach(ArrayList.java:1511)
at org.testng.TestRunner.privateRun(TestRunner.java:794)
at org.testng.TestRunner.run(TestRunner.java:596)
at org.testng.SuiteRunner.runTest(SuiteRunner.java:377)
at org.testng.SuiteRunner.runSequentially(SuiteRunner.java:371)
at org.testng.SuiteRunner.privateRun(SuiteRunner.java:332)
at org.testng.SuiteRunner.run(SuiteRunner.java:276)
at org.testng.SuiteRunnerWorker.runSuite(SuiteRunnerWorker.java:53)
at org.testng.SuiteRunnerWorker.run(SuiteRunnerWorker.java:96)
at org.testng.TestNG.runSuitesSequentially(TestNG.java:1212)
at org.testng.TestNG.runSuitesLocally(TestNG.java:1134)
at org.testng.TestNG.runSuites(TestNG.java:1063)
at org.testng.TestNG.run(TestNG.java:1031)
at com.intellij.rt.testng.IDEARemoteTestNG.run(IDEARemoteTestNG.java:66)
at com.intellij.rt.testng.RemoteTestNGStarter.main(RemoteTestNGStarter.java:109)
]]>
    </failure>
  </testcase> <!-- AddUserPositive -->
  <system-out/>
  <testcase classname="user" name="SortUserPostive" time="0.917"/>
  <system-out>
    <![CDATA[ID starts at 10 (the bottom list instead of the top)]]>
  </system-out>
  <testcase classname="user" name="SpecificUserNegative" time="0.896">
    <failure message="1 expectation failed.
Response body doesn&#039;t match expectation.
Expected: null
  Actual: null
" type="java.lang.AssertionError">
      <![CDATA[java.lang.AssertionError: 1 expectation failed.
Response body doesn't match expectation.
Expected: null
  Actual: null

at java.base/jdk.internal.reflect.DirectConstructorHandleAccessor.newInstance(DirectConstructorHandleAccessor.java:67)
at java.base/java.lang.reflect.Constructor.newInstanceWithCaller(Constructor.java:500)
at java.base/java.lang.reflect.Constructor.newInstance(Constructor.java:484)
at org.codehaus.groovy.reflection.CachedConstructor.invoke(CachedConstructor.java:72)
at org.codehaus.groovy.runtime.callsite.ConstructorSite$ConstructorSiteNoUnwrapNoCoerce.callConstructor(ConstructorSite.java:105)
at org.codehaus.groovy.runtime.callsite.AbstractCallSite.callConstructor(AbstractCallSite.java:277)
at io.restassured.internal.ResponseSpecificationImpl$HamcrestAssertionClosure.validate(ResponseSpecificationImpl.groovy:493)
at io.restassured.internal.ResponseSpecificationImpl$HamcrestAssertionClosure$validate$1.call(Unknown Source)
at io.restassured.internal.ResponseSpecificationImpl.validateResponseIfRequired(ResponseSpecificationImpl.groovy:674)
at java.base/jdk.internal.reflect.DirectMethodHandleAccessor.invoke(DirectMethodHandleAccessor.java:104)
at java.base/java.lang.reflect.Method.invoke(Method.java:578)
at org.codehaus.groovy.runtime.callsite.PlainObjectMetaMethodSite.doInvoke(PlainObjectMetaMethodSite.java:43)
at org.codehaus.groovy.runtime.callsite.PogoMetaMethodSite$PogoCachedMethodSiteNoUnwrapNoCoerce.invoke(PogoMetaMethodSite.java:193)
at org.codehaus.groovy.runtime.callsite.PogoMetaMethodSite.callCurrent(PogoMetaMethodSite.java:61)
at org.codehaus.groovy.runtime.callsite.AbstractCallSite.callCurrent(AbstractCallSite.java:185)
at io.restassured.internal.ResponseSpecificationImpl.body(ResponseSpecificationImpl.groovy:98)
at io.restassured.internal.ValidatableResponseOptionsImpl.body(ValidatableResponseOptionsImpl.java:238)
at io.restassured.internal.ValidatableResponseImpl.super$2$body(ValidatableResponseImpl.groovy)
at java.base/jdk.internal.reflect.DirectMethodHandleAccessor.invoke(DirectMethodHandleAccessor.java:104)
at java.base/java.lang.reflect.Method.invoke(Method.java:578)
at org.codehaus.groovy.reflection.CachedMethod.invoke(CachedMethod.java:107)
at groovy.lang.MetaMethod.doMethodInvoke(MetaMethod.java:323)
at groovy.lang.MetaClassImpl.invokeMethod(MetaClassImpl.java:1268)
at org.codehaus.groovy.runtime.ScriptBytecodeAdapter.invokeMethodOnSuperN(ScriptBytecodeAdapter.java:144)
at io.restassured.internal.ValidatableResponseImpl.body(ValidatableResponseImpl.groovy:293)
at io.restassured.internal.ValidatableResponseImpl.body(ValidatableResponseImpl.groovy)
at user.SpecificUserNegative(user.java:40)
at java.base/jdk.internal.reflect.DirectMethodHandleAccessor.invoke(DirectMethodHandleAccessor.java:104)
at java.base/java.lang.reflect.Method.invoke(Method.java:578)
at org.testng.internal.MethodInvocationHelper.invokeMethod(MethodInvocationHelper.java:133)
at org.testng.internal.TestInvoker.invokeMethod(TestInvoker.java:598)
at org.testng.internal.TestInvoker.invokeTestMethod(TestInvoker.java:173)
at org.testng.internal.MethodRunner.runInSequence(MethodRunner.java:46)
at org.testng.internal.TestInvoker$MethodInvocationAgent.invoke(TestInvoker.java:824)
at org.testng.internal.TestInvoker.invokeTestMethods(TestInvoker.java:146)
at org.testng.internal.TestMethodWorker.invokeTestMethods(TestMethodWorker.java:146)
at org.testng.internal.TestMethodWorker.run(TestMethodWorker.java:128)
at java.base/java.util.ArrayList.forEach(ArrayList.java:1511)
at org.testng.TestRunner.privateRun(TestRunner.java:794)
at org.testng.TestRunner.run(TestRunner.java:596)
at org.testng.SuiteRunner.runTest(SuiteRunner.java:377)
at org.testng.SuiteRunner.runSequentially(SuiteRunner.java:371)
at org.testng.SuiteRunner.privateRun(SuiteRunner.java:332)
at org.testng.SuiteRunner.run(SuiteRunner.java:276)
at org.testng.SuiteRunnerWorker.runSuite(SuiteRunnerWorker.java:53)
at org.testng.SuiteRunnerWorker.run(SuiteRunnerWorker.java:96)
at org.testng.TestNG.runSuitesSequentially(TestNG.java:1212)
at org.testng.TestNG.runSuitesLocally(TestNG.java:1134)
at org.testng.TestNG.runSuites(TestNG.java:1063)
at org.testng.TestNG.run(TestNG.java:1031)
at com.intellij.rt.testng.IDEARemoteTestNG.run(IDEARemoteTestNG.java:66)
at com.intellij.rt.testng.RemoteTestNGStarter.main(RemoteTestNGStarter.java:109)
]]>
    </failure>
  </testcase> <!-- SpecificUserNegative -->
  <system-out/>
  <testcase classname="user" name="DeleteUsersPositive" time="1.223"/>
  <system-out>
    <![CDATA[passed because return the product as in the test documentation said
The product will not be deleted on the database. but if you sent data successfully it will return you the fake deleted product.]]>
  </system-out>
</testsuite> <!-- user -->
