<?xml version="1.0" encoding="UTF-8"?>
<!-- Generated by org.testng.reporters.JUnitReportReporter -->
<testsuite hostname="DESKTOP-UA1ROHE" failures="0" tests="2" name="login" time="1.896" errors="0" timestamp="2023-04-16T04:45:28 WIB" skipped="0">
  <testcase classname="login" name="LoginNegative" time="0.996"/>
  <system-out>
    <![CDATA[passed because error]]>
  </system-out>
  <testcase classname="login" name="LoginPositive" time="0.900"/>
  <system-out>
    <![CDATA[passed because token contain eyJhbGciOiJIUzI1NiIsInR]]>
  </system-out>
</testsuite> <!-- login -->
